<?xml version="1.0" encoding="UTF-8"?>
<testng-results skipped="0" failed="4" total="7" passed="3">
  <reporter-output>
  </reporter-output>
  <suite name="Suite" duration-ms="176732" started-at="2017-10-13T18:44:45Z" finished-at="2017-10-13T18:47:42Z">
    <groups>
      <group name="qa">
        <method signature="Scenario_Login.Login_ValidLogin(java.util.Map)[pri:0, instance:testScript.Scenario_Login@2ef5e5e3]" name="Login_ValidLogin" class="testScript.Scenario_Login"/>
        <method signature="Scenario_Login.Login_inValidLogin(java.util.Map)[pri:0, instance:testScript.Scenario_Login@2ef5e5e3]" name="Login_inValidLogin" class="testScript.Scenario_Login"/>
        <method signature="Scenario_Search.Search_ValidSearch(java.util.Map)[pri:0, instance:testScript.Scenario_Search@36d4b5c]" name="Search_ValidSearch" class="testScript.Scenario_Search"/>
      </group> <!-- qa -->
      <group name="prod">
        <method signature="Scenario_Login.Login_inValidLogin(java.util.Map)[pri:0, instance:testScript.Scenario_Login@2ef5e5e3]" name="Login_inValidLogin" class="testScript.Scenario_Login"/>
      </group> <!-- prod -->
      <group name="dev">
        <method signature="Scenario_Login.Login_ValidLogin(java.util.Map)[pri:0, instance:testScript.Scenario_Login@2ef5e5e3]" name="Login_ValidLogin" class="testScript.Scenario_Login"/>
      </group> <!-- dev -->
      <group name="uat">
        <method signature="Scenario_Login.Login_ValidLogin(java.util.Map)[pri:0, instance:testScript.Scenario_Login@2ef5e5e3]" name="Login_ValidLogin" class="testScript.Scenario_Login"/>
        <method signature="Scenario_Login.Login_inValidLogin(java.util.Map)[pri:0, instance:testScript.Scenario_Login@2ef5e5e3]" name="Login_inValidLogin" class="testScript.Scenario_Login"/>
        <method signature="Scenario_Search.Search_inValidSearch(java.util.Map)[pri:0, instance:testScript.Scenario_Search@36d4b5c]" name="Search_inValidSearch" class="testScript.Scenario_Search"/>
      </group> <!-- uat -->
    </groups>
    <test name="Test" duration-ms="176732" started-at="2017-10-13T18:44:45Z" finished-at="2017-10-13T18:47:42Z">
      <class name="testScript.Scenario_Search">
        <test-method status="PASS" signature="launchApp(java.lang.String)[pri:0, instance:testScript.Scenario_Search@36d4b5c]" name="launchApp" is-config="true" duration-ms="13402" started-at="2017-10-14T00:16:13Z" finished-at="2017-10-14T00:16:26Z">
          <params>
            <param index="0">
              <value>
                <![CDATA[ff]]>
              </value>
            </param>
          </params>
          <reporter-output>
          </reporter-output>
        </test-method> <!-- launchApp -->
        <test-method status="FAIL" signature="Search_ValidSearch(java.util.Map)[pri:0, instance:testScript.Scenario_Search@36d4b5c]" name="Search_ValidSearch" duration-ms="5708" started-at="2017-10-14T00:16:26Z" data-provider="commondp" finished-at="2017-10-14T00:16:32Z">
          <params>
            <param index="0">
              <value>
                <![CDATA[{TC_ID=GB_09, Search_option=Ways, Ascript=validSearch, execute=y, order=1.0, Exp_result=300.0}]]>
              </value>
            </param>
          </params>
          <exception class="java.lang.AssertionError">
            <full-stacktrace>
              <![CDATA[java.lang.AssertionError
	at org.junit.Assert.fail(Assert.java:92)
	at org.junit.Assert.fail(Assert.java:100)
	at testScript.Scenario_Search.Search_ValidSearch(Unknown Source)
	at sun.reflect.NativeMethodAccessorImpl.invoke0(Native Method)
	at sun.reflect.NativeMethodAccessorImpl.invoke(NativeMethodAccessorImpl.java:62)
	at sun.reflect.DelegatingMethodAccessorImpl.invoke(DelegatingMethodAccessorImpl.java:43)
	at java.lang.reflect.Method.invoke(Method.java:498)
	at org.testng.internal.MethodInvocationHelper.invokeMethod(MethodInvocationHelper.java:85)
	at org.testng.internal.Invoker.invokeMethod(Invoker.java:639)
	at org.testng.internal.Invoker.invokeTestMethod(Invoker.java:816)
	at org.testng.internal.Invoker.invokeTestMethods(Invoker.java:1124)
	at org.testng.internal.TestMethodWorker.invokeTestMethods(TestMethodWorker.java:125)
	at org.testng.internal.TestMethodWorker.run(TestMethodWorker.java:108)
	at org.testng.TestRunner.privateRun(TestRunner.java:774)
	at org.testng.TestRunner.run(TestRunner.java:624)
	at org.testng.SuiteRunner.runTest(SuiteRunner.java:359)
	at org.testng.SuiteRunner.runSequentially(SuiteRunner.java:354)
	at org.testng.SuiteRunner.privateRun(SuiteRunner.java:312)
	at org.testng.SuiteRunner.run(SuiteRunner.java:261)
	at org.testng.SuiteRunnerWorker.runSuite(SuiteRunnerWorker.java:52)
	at org.testng.SuiteRunnerWorker.run(SuiteRunnerWorker.java:86)
	at org.testng.TestNG.runSuitesSequentially(TestNG.java:1215)
	at org.testng.TestNG.runSuitesLocally(TestNG.java:1140)
	at org.testng.TestNG.run(TestNG.java:1048)
	at org.testng.TestNG.privateMain(TestNG.java:1355)
	at org.testng.TestNG.main(TestNG.java:1324)
]]>
            </full-stacktrace>
          </exception> <!-- java.lang.AssertionError -->
          <reporter-output>
          </reporter-output>
        </test-method> <!-- Search_ValidSearch -->
        <test-method status="PASS" signature="tearDown(org.testng.ITestResult)[pri:0, instance:testScript.Scenario_Search@36d4b5c]" name="tearDown" is-config="true" duration-ms="3142" started-at="2017-10-14T00:16:32Z" finished-at="2017-10-14T00:16:35Z">
          <params>
            <param index="0">
              <value>
                <![CDATA[[TestResult name=Search_ValidSearch status=FAILURE method=Scenario_Search.Search_ValidSearch(java.util.Map)[pri:0, instance:testScript.Scenario_Search@36d4b5c] output={null}]]]>
              </value>
            </param>
          </params>
          <reporter-output>
          </reporter-output>
        </test-method> <!-- tearDown -->
        <test-method status="PASS" signature="launchApp(java.lang.String)[pri:0, instance:testScript.Scenario_Search@36d4b5c]" name="launchApp" is-config="true" duration-ms="15425" started-at="2017-10-14T00:16:35Z" finished-at="2017-10-14T00:16:50Z">
          <params>
            <param index="0">
              <value>
                <![CDATA[ff]]>
              </value>
            </param>
          </params>
          <reporter-output>
          </reporter-output>
        </test-method> <!-- launchApp -->
        <test-method status="FAIL" signature="Search_ValidSearch(java.util.Map)[pri:0, instance:testScript.Scenario_Search@36d4b5c]" name="Search_ValidSearch" duration-ms="6069" started-at="2017-10-14T00:16:50Z" data-provider="commondp" finished-at="2017-10-14T00:16:56Z">
          <params>
            <param index="0">
              <value>
                <![CDATA[{TC_ID=GB_10, Search_option=Chandler, Ascript=validSearch, execute=y, order=1.0, Exp_result=200.0}]]>
              </value>
            </param>
          </params>
          <exception class="java.lang.AssertionError">
            <full-stacktrace>
              <![CDATA[java.lang.AssertionError
	at org.junit.Assert.fail(Assert.java:92)
	at org.junit.Assert.fail(Assert.java:100)
	at testScript.Scenario_Search.Search_ValidSearch(Unknown Source)
	at sun.reflect.NativeMethodAccessorImpl.invoke0(Native Method)
	at sun.reflect.NativeMethodAccessorImpl.invoke(NativeMethodAccessorImpl.java:62)
	at sun.reflect.DelegatingMethodAccessorImpl.invoke(DelegatingMethodAccessorImpl.java:43)
	at java.lang.reflect.Method.invoke(Method.java:498)
	at org.testng.internal.MethodInvocationHelper.invokeMethod(MethodInvocationHelper.java:85)
	at org.testng.internal.Invoker.invokeMethod(Invoker.java:639)
	at org.testng.internal.Invoker.invokeTestMethod(Invoker.java:816)
	at org.testng.internal.Invoker.invokeTestMethods(Invoker.java:1124)
	at org.testng.internal.TestMethodWorker.invokeTestMethods(TestMethodWorker.java:125)
	at org.testng.internal.TestMethodWorker.run(TestMethodWorker.java:108)
	at org.testng.TestRunner.privateRun(TestRunner.java:774)
	at org.testng.TestRunner.run(TestRunner.java:624)
	at org.testng.SuiteRunner.runTest(SuiteRunner.java:359)
	at org.testng.SuiteRunner.runSequentially(SuiteRunner.java:354)
	at org.testng.SuiteRunner.privateRun(SuiteRunner.java:312)
	at org.testng.SuiteRunner.run(SuiteRunner.java:261)
	at org.testng.SuiteRunnerWorker.runSuite(SuiteRunnerWorker.java:52)
	at org.testng.SuiteRunnerWorker.run(SuiteRunnerWorker.java:86)
	at org.testng.TestNG.runSuitesSequentially(TestNG.java:1215)
	at org.testng.TestNG.runSuitesLocally(TestNG.java:1140)
	at org.testng.TestNG.run(TestNG.java:1048)
	at org.testng.TestNG.privateMain(TestNG.java:1355)
	at org.testng.TestNG.main(TestNG.java:1324)
]]>
            </full-stacktrace>
          </exception> <!-- java.lang.AssertionError -->
          <reporter-output>
          </reporter-output>
        </test-method> <!-- Search_ValidSearch -->
        <test-method status="PASS" signature="tearDown(org.testng.ITestResult)[pri:0, instance:testScript.Scenario_Search@36d4b5c]" name="tearDown" is-config="true" duration-ms="3120" started-at="2017-10-14T00:16:56Z" finished-at="2017-10-14T00:17:00Z">
          <params>
            <param index="0">
              <value>
                <![CDATA[[TestResult name=Search_ValidSearch status=FAILURE method=Scenario_Search.Search_ValidSearch(java.util.Map)[pri:0, instance:testScript.Scenario_Search@36d4b5c] output={null}]]]>
              </value>
            </param>
          </params>
          <reporter-output>
          </reporter-output>
        </test-method> <!-- tearDown -->
        <test-method status="PASS" signature="launchApp(java.lang.String)[pri:0, instance:testScript.Scenario_Search@36d4b5c]" name="launchApp" is-config="true" duration-ms="14523" started-at="2017-10-14T00:17:00Z" finished-at="2017-10-14T00:17:14Z">
          <params>
            <param index="0">
              <value>
                <![CDATA[ff]]>
              </value>
            </param>
          </params>
          <reporter-output>
          </reporter-output>
        </test-method> <!-- launchApp -->
        <test-method status="FAIL" signature="Search_ValidSearch(java.util.Map)[pri:0, instance:testScript.Scenario_Search@36d4b5c]" name="Search_ValidSearch" duration-ms="6896" started-at="2017-10-14T00:17:14Z" data-provider="commondp" finished-at="2017-10-14T00:17:21Z">
          <params>
            <param index="0">
              <value>
                <![CDATA[{TC_ID=GB_11, Search_option=Jaico, Ascript=validSearch, execute=y, order=1.0, Exp_result=2.0}]]>
              </value>
            </param>
          </params>
          <exception class="java.lang.AssertionError">
            <full-stacktrace>
              <![CDATA[java.lang.AssertionError
	at org.junit.Assert.fail(Assert.java:92)
	at org.junit.Assert.fail(Assert.java:100)
	at testScript.Scenario_Search.Search_ValidSearch(Unknown Source)
	at sun.reflect.NativeMethodAccessorImpl.invoke0(Native Method)
	at sun.reflect.NativeMethodAccessorImpl.invoke(NativeMethodAccessorImpl.java:62)
	at sun.reflect.DelegatingMethodAccessorImpl.invoke(DelegatingMethodAccessorImpl.java:43)
	at java.lang.reflect.Method.invoke(Method.java:498)
	at org.testng.internal.MethodInvocationHelper.invokeMethod(MethodInvocationHelper.java:85)
	at org.testng.internal.Invoker.invokeMethod(Invoker.java:639)
	at org.testng.internal.Invoker.invokeTestMethod(Invoker.java:816)
	at org.testng.internal.Invoker.invokeTestMethods(Invoker.java:1124)
	at org.testng.internal.TestMethodWorker.invokeTestMethods(TestMethodWorker.java:125)
	at org.testng.internal.TestMethodWorker.run(TestMethodWorker.java:108)
	at org.testng.TestRunner.privateRun(TestRunner.java:774)
	at org.testng.TestRunner.run(TestRunner.java:624)
	at org.testng.SuiteRunner.runTest(SuiteRunner.java:359)
	at org.testng.SuiteRunner.runSequentially(SuiteRunner.java:354)
	at org.testng.SuiteRunner.privateRun(SuiteRunner.java:312)
	at org.testng.SuiteRunner.run(SuiteRunner.java:261)
	at org.testng.SuiteRunnerWorker.runSuite(SuiteRunnerWorker.java:52)
	at org.testng.SuiteRunnerWorker.run(SuiteRunnerWorker.java:86)
	at org.testng.TestNG.runSuitesSequentially(TestNG.java:1215)
	at org.testng.TestNG.runSuitesLocally(TestNG.java:1140)
	at org.testng.TestNG.run(TestNG.java:1048)
	at org.testng.TestNG.privateMain(TestNG.java:1355)
	at org.testng.TestNG.main(TestNG.java:1324)
]]>
            </full-stacktrace>
          </exception> <!-- java.lang.AssertionError -->
          <reporter-output>
          </reporter-output>
        </test-method> <!-- Search_ValidSearch -->
        <test-method status="PASS" signature="tearDown(org.testng.ITestResult)[pri:0, instance:testScript.Scenario_Search@36d4b5c]" name="tearDown" is-config="true" duration-ms="2056" started-at="2017-10-14T00:17:21Z" finished-at="2017-10-14T00:17:23Z">
          <params>
            <param index="0">
              <value>
                <![CDATA[[TestResult name=Search_ValidSearch status=FAILURE method=Scenario_Search.Search_ValidSearch(java.util.Map)[pri:0, instance:testScript.Scenario_Search@36d4b5c] output={null}]]]>
              </value>
            </param>
          </params>
          <reporter-output>
          </reporter-output>
        </test-method> <!-- tearDown -->
        <test-method status="PASS" signature="launchApp(java.lang.String)[pri:0, instance:testScript.Scenario_Search@36d4b5c]" name="launchApp" is-config="true" duration-ms="13704" started-at="2017-10-14T00:17:23Z" finished-at="2017-10-14T00:17:37Z">
          <params>
            <param index="0">
              <value>
                <![CDATA[ff]]>
              </value>
            </param>
          </params>
          <reporter-output>
          </reporter-output>
        </test-method> <!-- launchApp -->
        <test-method status="PASS" signature="Search_inValidSearch(java.util.Map)[pri:0, instance:testScript.Scenario_Search@36d4b5c]" name="Search_inValidSearch" duration-ms="2670" started-at="2017-10-14T00:17:37Z" data-provider="commondp" finished-at="2017-10-14T00:17:39Z">
          <params>
            <param index="0">
              <value>
                <![CDATA[{TC_ID=GB_08, Search_option=skdh, Ascript=invalidSearch, execute=y, order=1.0, Exp_result=Sorry..'skdh' does not match any product on Rediff Books.}]]>
              </value>
            </param>
          </params>
          <reporter-output>
          </reporter-output>
        </test-method> <!-- Search_inValidSearch -->
        <test-method status="PASS" signature="tearDown(org.testng.ITestResult)[pri:0, instance:testScript.Scenario_Search@36d4b5c]" name="tearDown" is-config="true" duration-ms="2719" started-at="2017-10-14T00:17:39Z" finished-at="2017-10-14T00:17:42Z">
          <params>
            <param index="0">
              <value>
                <![CDATA[[TestResult name=Search_inValidSearch status=SUCCESS method=Scenario_Search.Search_inValidSearch(java.util.Map)[pri:0, instance:testScript.Scenario_Search@36d4b5c] output={null}]]]>
              </value>
            </param>
          </params>
          <reporter-output>
          </reporter-output>
        </test-method> <!-- tearDown -->
      </class> <!-- testScript.Scenario_Search -->
      <class name="testScript.Scenario_Login">
        <test-method status="PASS" signature="initReports()[pri:0, instance:testScript.Scenario_Login@2ef5e5e3]" name="initReports" is-config="true" duration-ms="486" started-at="2017-10-14T00:14:45Z" finished-at="2017-10-14T00:14:45Z">
          <reporter-output>
          </reporter-output>
        </test-method> <!-- initReports -->
        <test-method status="PASS" signature="launchApp(java.lang.String)[pri:0, instance:testScript.Scenario_Login@2ef5e5e3]" name="launchApp" is-config="true" duration-ms="16092" started-at="2017-10-14T00:14:47Z" finished-at="2017-10-14T00:15:03Z">
          <params>
            <param index="0">
              <value>
                <![CDATA[ff]]>
              </value>
            </param>
          </params>
          <reporter-output>
          </reporter-output>
        </test-method> <!-- launchApp -->
        <test-method status="FAIL" signature="Login_ValidLogin(java.util.Map)[pri:0, instance:testScript.Scenario_Login@2ef5e5e3]" name="Login_ValidLogin" duration-ms="25135" started-at="2017-10-14T00:15:03Z" data-provider="commondp" finished-at="2017-10-14T00:15:28Z">
          <params>
            <param index="0">
              <value>
                <![CDATA[{TC_ID=GB_07, Ascript=validLogin, pwd=learn123, execute=Y, exp_msg=Hi ram, order=2.0, username=test1@rediffmail.com}]]>
              </value>
            </param>
          </params>
          <exception class="org.openqa.selenium.NoSuchElementException">
            <message>
              <![CDATA[Unable to locate element: {"method":"id","selector":"username"}
Command duration or timeout: 20.21 seconds
For documentation on this error, please visit: http://seleniumhq.org/exceptions/no_such_element.html
Build info: version: '2.53.0', revision: '35ae25b1534ae328c771e0856c93e187490ca824', time: '2016-03-15 10:43:46'
System info: host: 'DESKTOP-461F39L', ip: '192.168.0.22', os.name: 'Windows 10', os.arch: 'amd64', os.version: '10.0', java.version: '1.8.0_91'
Driver info: org.openqa.selenium.firefox.FirefoxDriver
Capabilities [{applicationCacheEnabled=true, rotatable=false, handlesAlerts=true, databaseEnabled=true, version=45.0.2, platform=WINDOWS, nativeEvents=false, acceptSslCerts=true, webStorageEnabled=true, locationContextEnabled=true, browserName=firefox, takesScreenshot=true, javascriptEnabled=true, cssSelectorsEnabled=true}]
Session ID: dc6348b2-8d27-4660-a95d-ea0553cd45f7
*** Element info: {Using=id, value=username}]]>
            </message>
            <full-stacktrace>
              <![CDATA[org.openqa.selenium.NoSuchElementException: Unable to locate element: {"method":"id","selector":"username"}
Command duration or timeout: 20.21 seconds
For documentation on this error, please visit: http://seleniumhq.org/exceptions/no_such_element.html
Build info: version: '2.53.0', revision: '35ae25b1534ae328c771e0856c93e187490ca824', time: '2016-03-15 10:43:46'
System info: host: 'DESKTOP-461F39L', ip: '192.168.0.22', os.name: 'Windows 10', os.arch: 'amd64', os.version: '10.0', java.version: '1.8.0_91'
Driver info: org.openqa.selenium.firefox.FirefoxDriver
Capabilities [{applicationCacheEnabled=true, rotatable=false, handlesAlerts=true, databaseEnabled=true, version=45.0.2, platform=WINDOWS, nativeEvents=false, acceptSslCerts=true, webStorageEnabled=true, locationContextEnabled=true, browserName=firefox, takesScreenshot=true, javascriptEnabled=true, cssSelectorsEnabled=true}]
Session ID: dc6348b2-8d27-4660-a95d-ea0553cd45f7
*** Element info: {Using=id, value=username}
	at sun.reflect.NativeConstructorAccessorImpl.newInstance0(Native Method)
	at sun.reflect.NativeConstructorAccessorImpl.newInstance(NativeConstructorAccessorImpl.java:62)
	at sun.reflect.DelegatingConstructorAccessorImpl.newInstance(DelegatingConstructorAccessorImpl.java:45)
	at java.lang.reflect.Constructor.newInstance(Constructor.java:423)
	at org.openqa.selenium.remote.ErrorHandler.createThrowable(ErrorHandler.java:206)
	at org.openqa.selenium.remote.ErrorHandler.throwIfResponseFailed(ErrorHandler.java:158)
	at org.openqa.selenium.remote.RemoteWebDriver.execute(RemoteWebDriver.java:678)
	at org.openqa.selenium.remote.RemoteWebDriver.findElement(RemoteWebDriver.java:363)
	at org.openqa.selenium.remote.RemoteWebDriver.findElementById(RemoteWebDriver.java:413)
	at org.openqa.selenium.By$ById.findElement(By.java:218)
	at org.openqa.selenium.remote.RemoteWebDriver.findElement(RemoteWebDriver.java:355)
	at org.openqa.selenium.support.pagefactory.DefaultElementLocator.findElement(DefaultElementLocator.java:69)
	at org.openqa.selenium.support.pagefactory.internal.LocatingElementHandler.invoke(LocatingElementHandler.java:38)
	at com.sun.proxy.$Proxy9.getText(Unknown Source)
	at pageFactory.CommonActions.eleGetText(Unknown Source)
	at testScript.Scenario_Login.Login_ValidLogin(Unknown Source)
	at sun.reflect.NativeMethodAccessorImpl.invoke0(Native Method)
	at sun.reflect.NativeMethodAccessorImpl.invoke(NativeMethodAccessorImpl.java:62)
	at sun.reflect.DelegatingMethodAccessorImpl.invoke(DelegatingMethodAccessorImpl.java:43)
	at java.lang.reflect.Method.invoke(Method.java:498)
	at org.testng.internal.MethodInvocationHelper.invokeMethod(MethodInvocationHelper.java:85)
	at org.testng.internal.Invoker.invokeMethod(Invoker.java:639)
	at org.testng.internal.Invoker.invokeTestMethod(Invoker.java:816)
	at org.testng.internal.Invoker.invokeTestMethods(Invoker.java:1124)
	at org.testng.internal.TestMethodWorker.invokeTestMethods(TestMethodWorker.java:125)
	at org.testng.internal.TestMethodWorker.run(TestMethodWorker.java:108)
	at org.testng.TestRunner.privateRun(TestRunner.java:774)
	at org.testng.TestRunner.run(TestRunner.java:624)
	at org.testng.SuiteRunner.runTest(SuiteRunner.java:359)
	at org.testng.SuiteRunner.runSequentially(SuiteRunner.java:354)
	at org.testng.SuiteRunner.privateRun(SuiteRunner.java:312)
	at org.testng.SuiteRunner.run(SuiteRunner.java:261)
	at org.testng.SuiteRunnerWorker.runSuite(SuiteRunnerWorker.java:52)
	at org.testng.SuiteRunnerWorker.run(SuiteRunnerWorker.java:86)
	at org.testng.TestNG.runSuitesSequentially(TestNG.java:1215)
	at org.testng.TestNG.runSuitesLocally(TestNG.java:1140)
	at org.testng.TestNG.run(TestNG.java:1048)
	at org.testng.TestNG.privateMain(TestNG.java:1355)
	at org.testng.TestNG.main(TestNG.java:1324)
Caused by: org.openqa.selenium.NoSuchElementException: Unable to locate element: {"method":"id","selector":"username"}
For documentation on this error, please visit: http://seleniumhq.org/exceptions/no_such_element.html
Build info: version: '2.53.0', revision: '35ae25b1534ae328c771e0856c93e187490ca824', time: '2016-03-15 10:43:46'
System info: host: 'DESKTOP-461F39L', ip: '192.168.0.22', os.name: 'Windows 10', os.arch: 'amd64', os.version: '10.0', java.version: '1.8.0_91'
Driver info: driver.version: unknown
	at <anonymous class>.FirefoxDriver.prototype.findElementInternal_(file:///C:/Users/Speedo/AppData/Local/Temp/anonymous7612155235343275169webdriver-profile/extensions/fxdriver@googlecode.com/components/driver-component.js:10770)
	at <anonymous class>.fxdriver.Timer.prototype.setTimeout/<.notify(file:///C:/Users/Speedo/AppData/Local/Temp/anonymous7612155235343275169webdriver-profile/extensions/fxdriver@googlecode.com/components/driver-component.js:625)
]]>
            </full-stacktrace>
          </exception> <!-- org.openqa.selenium.NoSuchElementException -->
          <reporter-output>
          </reporter-output>
        </test-method> <!-- Login_ValidLogin -->
        <test-method status="PASS" signature="tearDown(org.testng.ITestResult)[pri:0, instance:testScript.Scenario_Login@2ef5e5e3]" name="tearDown" is-config="true" duration-ms="1903" started-at="2017-10-14T00:15:28Z" finished-at="2017-10-14T00:15:30Z">
          <params>
            <param index="0">
              <value>
                <![CDATA[[TestResult name=Login_ValidLogin status=FAILURE method=Scenario_Login.Login_ValidLogin(java.util.Map)[pri:0, instance:testScript.Scenario_Login@2ef5e5e3] output={null}]]]>
              </value>
            </param>
          </params>
          <reporter-output>
          </reporter-output>
        </test-method> <!-- tearDown -->
        <test-method status="PASS" signature="launchApp(java.lang.String)[pri:0, instance:testScript.Scenario_Login@2ef5e5e3]" name="launchApp" is-config="true" duration-ms="14898" started-at="2017-10-14T00:15:30Z" finished-at="2017-10-14T00:15:45Z">
          <params>
            <param index="0">
              <value>
                <![CDATA[ff]]>
              </value>
            </param>
          </params>
          <reporter-output>
          </reporter-output>
        </test-method> <!-- launchApp -->
        <test-method status="PASS" signature="Login_inValidLogin(java.util.Map)[pri:0, instance:testScript.Scenario_Login@2ef5e5e3]" name="Login_inValidLogin" duration-ms="6188" started-at="2017-10-14T00:15:45Z" data-provider="commondp" finished-at="2017-10-14T00:15:51Z">
          <params>
            <param index="0">
              <value>
                <![CDATA[{TC_ID=GB_01, Ascript=inValidLogin          , pwd=lksdj, execute=y  , exp_msg=Sorry we were unable to complete this step because :, order=1.0, username=sahdka}]]>
              </value>
            </param>
          </params>
          <reporter-output>
          </reporter-output>
        </test-method> <!-- Login_inValidLogin -->
        <test-method status="PASS" signature="tearDown(org.testng.ITestResult)[pri:0, instance:testScript.Scenario_Login@2ef5e5e3]" name="tearDown" is-config="true" duration-ms="1281" started-at="2017-10-14T00:15:51Z" finished-at="2017-10-14T00:15:52Z">
          <params>
            <param index="0">
              <value>
                <![CDATA[[TestResult name=Login_inValidLogin status=SUCCESS method=Scenario_Login.Login_inValidLogin(java.util.Map)[pri:0, instance:testScript.Scenario_Login@2ef5e5e3] output={null}]]]>
              </value>
            </param>
          </params>
          <reporter-output>
          </reporter-output>
        </test-method> <!-- tearDown -->
        <test-method status="PASS" signature="launchApp(java.lang.String)[pri:0, instance:testScript.Scenario_Login@2ef5e5e3]" name="launchApp" is-config="true" duration-ms="14544" started-at="2017-10-14T00:15:52Z" finished-at="2017-10-14T00:16:07Z">
          <params>
            <param index="0">
              <value>
                <![CDATA[ff]]>
              </value>
            </param>
          </params>
          <reporter-output>
          </reporter-output>
        </test-method> <!-- launchApp -->
        <test-method status="PASS" signature="Login_inValidLogin(java.util.Map)[pri:0, instance:testScript.Scenario_Login@2ef5e5e3]" name="Login_inValidLogin" duration-ms="4724" started-at="2017-10-14T00:16:07Z" data-provider="commondp" finished-at="2017-10-14T00:16:12Z">
          <params>
            <param index="0">
              <value>
                <![CDATA[{TC_ID=GB_02, Ascript=InValidLogin, pwd=lsdfh, execute=  y, exp_msg=Sorry we were unable to complete this step because :, order=1.0, username=qtpworld2008@gmail.com}]]>
              </value>
            </param>
          </params>
          <reporter-output>
          </reporter-output>
        </test-method> <!-- Login_inValidLogin -->
        <test-method status="PASS" signature="tearDown(org.testng.ITestResult)[pri:0, instance:testScript.Scenario_Login@2ef5e5e3]" name="tearDown" is-config="true" duration-ms="965" started-at="2017-10-14T00:16:12Z" finished-at="2017-10-14T00:16:13Z">
          <params>
            <param index="0">
              <value>
                <![CDATA[[TestResult name=Login_inValidLogin status=SUCCESS method=Scenario_Login.Login_inValidLogin(java.util.Map)[pri:0, instance:testScript.Scenario_Login@2ef5e5e3] output={null}]]]>
              </value>
            </param>
          </params>
          <reporter-output>
          </reporter-output>
        </test-method> <!-- tearDown -->
      </class> <!-- testScript.Scenario_Login -->
    </test> <!-- Test -->
  </suite> <!-- Suite -->
</testng-results>
